2024-02-12 18:55:01 info: =================================
2024-02-12 18:55:01 info: ======= ENV: development =======
2024-02-12 18:55:01 info: 🚀 App listening on the port 3000
2024-02-12 18:55:01 info: =================================
2024-02-12 18:55:13 info: =================================
2024-02-12 18:55:13 info: ======= ENV: development =======
2024-02-12 18:55:13 info: 🚀 App listening on the port 3000
2024-02-12 18:55:13 info: =================================
2024-02-12 18:55:18 info: [0mGET /api-docs__/ [36m304[0m 13.100 ms - -[0m
2024-02-12 18:55:19 info: [0mGET /api-docs__/swagger-ui.css [36m304[0m 3.513 ms - -[0m
2024-02-12 18:55:19 info: [0mGET /api-docs__/swagger-ui-bundle.js [36m304[0m 3.771 ms - -[0m
2024-02-12 18:55:19 info: [0mGET /api-docs__/swagger-ui-standalone-preset.js [36m304[0m 0.723 ms - -[0m
2024-02-12 18:55:19 info: [0mGET /api-docs__/swagger-ui-init.js [36m304[0m 0.976 ms - -[0m
2024-02-12 18:55:19 info: [0mGET /api-docs__/favicon-32x32.png [36m304[0m 0.665 ms - -[0m
2024-02-12 18:55:19 info: [0mGET /api-docs__/favicon-32x32.png [36m304[0m 0.863 ms - -[0m
2024-02-12 18:55:24 info: =================================
2024-02-12 18:55:24 info: ======= ENV: development =======
2024-02-12 18:55:24 info: 🚀 App listening on the port 3000
2024-02-12 18:55:24 info: =================================
2024-02-12 18:55:26 info: [0mGET /api-docs__/ [33m404[0m 7.831 ms - 150[0m
2024-02-12 18:55:30 info: [0mGET /api-docs/ [32m200[0m 9.448 ms - -[0m
2024-02-12 18:55:30 info: [0mGET /api-docs/swagger-ui.css [36m304[0m 2.398 ms - -[0m
2024-02-12 18:55:30 info: [0mGET /api-docs/swagger-ui-bundle.js [36m304[0m 3.189 ms - -[0m
2024-02-12 18:55:30 info: [0mGET /api-docs/swagger-ui-standalone-preset.js [36m304[0m 0.887 ms - -[0m
2024-02-12 18:55:30 info: [0mGET /api-docs/swagger-ui-init.js [36m304[0m 0.535 ms - -[0m
2024-02-12 18:55:30 info: [0mGET /api-docs/favicon-32x32.png [36m304[0m 1.150 ms - -[0m
2024-02-12 18:55:30 info: [0mGET /api-docs/favicon-32x32.png [36m304[0m 1.021 ms - -[0m
